# JRE version: OpenJDK Runtime Environment (8.0_202-b03) (build 1.8.0_202-release-1483-b03)
# Java VM: OpenJDK 64-Bit Server VM (25.202-b03 mixed mode windows-amd64 compressed oops)
Heap:
 PSYoungGen      total 404992K, used 276247K [0x00000000e0000000, 0x00000000fb100000, 0x0000000100000000)
  eden space 381952K, 70% used [0x00000000e0000000,0x00000000f07a1d40,0x00000000f7500000)
  from space 23040K, 27% used [0x00000000f9a80000,0x00000000fa0a4040,0x00000000fb100000)
  to   space 30720K, 0% used [0x00000000f7500000,0x00000000f7500000,0x00000000f9300000)
 ParOldGen       total 202752K, used 62287K [0x00000000a0000000, 0x00000000ac600000, 0x00000000e0000000)
  object space 202752K, 30% used [0x00000000a0000000,0x00000000a3cd3d28,0x00000000ac600000)
 Metaspace       used 100767K, capacity 106057K, committed 106328K, reserved 1144832K
  class space    used 12739K, capacity 13664K, committed 13696K, reserved 1048576K
GC Heap History (10 events):
Event: 2502.006 GC heap before
{Heap before GC invocations=26 (full 4):
 PSYoungGen      total 246272K, used 221222K [0x00000000e0000000, 0x00000000f4780000, 0x0000000100000000)
  eden space 209408K, 100% used [0x00000000e0000000,0x00000000ecc80000,0x00000000ecc80000)
  from space 36864K, 32% used [0x00000000ecc80000,0x00000000ed809910,0x00000000ef080000)
  to   space 35328K, 0% used [0x00000000f2500000,0x00000000f2500000,0x00000000f4780000)
 ParOldGen       total 202752K, used 53821K [0x00000000a0000000, 0x00000000ac600000, 0x00000000e0000000)
  object space 202752K, 26% used [0x00000000a0000000,0x00000000a348f490,0x00000000ac600000)
 Metaspace       used 97094K, capacity 101533K, committed 101976K, reserved 1138688K
  class space    used 12451K, capacity 13251K, committed 13440K, reserved 1048576K
Event: 2502.052 GC heap after
Heap after GC invocations=26 (full 4):
 PSYoungGen      total 301056K, used 10435K [0x00000000e0000000, 0x00000000f4900000, 0x0000000100000000)
  eden space 265728K, 0% used [0x00000000e0000000,0x00000000e0000000,0x00000000f0380000)
  from space 35328K, 29% used [0x00000000f2500000,0x00000000f2f30c50,0x00000000f4780000)
  to   space 34304K, 0% used [0x00000000f0380000,0x00000000f0380000,0x00000000f2500000)
 ParOldGen       total 202752K, used 55468K [0x00000000a0000000, 0x00000000ac600000, 0x00000000e0000000)
  object space 202752K, 27% used [0x00000000a0000000,0x00000000a362b058,0x00000000ac600000)
 Metaspace       used 97094K, capacity 101533K, committed 101976K, reserved 1138688K
  class space    used 12451K, capacity 13251K, committed 13440K, reserved 1048576K
}
Event: 2503.623 GC heap before
{Heap before GC invocations=27 (full 4):
 PSYoungGen      total 301056K, used 276163K [0x00000000e0000000, 0x00000000f4900000, 0x0000000100000000)
  eden space 265728K, 100% used [0x00000000e0000000,0x00000000f0380000,0x00000000f0380000)
  from space 35328K, 29% used [0x00000000f2500000,0x00000000f2f30c50,0x00000000f4780000)
  to   space 34304K, 0% used [0x00000000f0380000,0x00000000f0380000,0x00000000f2500000)
 ParOldGen       total 202752K, used 55468K [0x00000000a0000000, 0x00000000ac600000, 0x00000000e0000000)
  object space 202752K, 27% used [0x00000000a0000000,0x00000000a362b058,0x00000000ac600000)
 Metaspace       used 97537K, capacity 101983K, committed 102232K, reserved 1138688K
  class space    used 12497K, capacity 13300K, committed 13440K, reserved 1048576K
Event: 2503.658 GC heap after
Heap after GC invocations=27 (full 4):
 PSYoungGen      total 300032K, used 5033K [0x00000000e0000000, 0x00000000f8d00000, 0x0000000100000000)
  eden space 265728K, 0% used [0x00000000e0000000,0x00000000e0000000,0x00000000f0380000)
  from space 34304K, 14% used [0x00000000f0380000,0x00000000f086a4d0,0x00000000f2500000)
  to   space 33792K, 0% used [0x00000000f6c00000,0x00000000f6c00000,0x00000000f8d00000)
 ParOldGen       total 202752K, used 58301K [0x00000000a0000000, 0x00000000ac600000, 0x00000000e0000000)
  object space 202752K, 28% used [0x00000000a0000000,0x00000000a38ef588,0x00000000ac600000)
 Metaspace       used 97537K, capacity 101983K, committed 102232K, reserved 1138688K
  class space    used 12497K, capacity 13300K, committed 13440K, reserved 1048576K
}
Event: 2576.574 GC heap before
{Heap before GC invocations=28 (full 4):
 PSYoungGen      total 300032K, used 270761K [0x00000000e0000000, 0x00000000f8d00000, 0x0000000100000000)
  eden space 265728K, 100% used [0x00000000e0000000,0x00000000f0380000,0x00000000f0380000)
  from space 34304K, 14% used [0x00000000f0380000,0x00000000f086a4d0,0x00000000f2500000)
  to   space 33792K, 0% used [0x00000000f6c00000,0x00000000f6c00000,0x00000000f8d00000)
 ParOldGen       total 202752K, used 58301K [0x00000000a0000000, 0x00000000ac600000, 0x00000000e0000000)
  object space 202752K, 28% used [0x00000000a0000000,0x00000000a38ef588,0x00000000ac600000)
 Metaspace       used 99068K, capacity 103711K, committed 103896K, reserved 1140736K
  class space    used 12602K, capacity 13464K, committed 13568K, reserved 1048576K
Event: 2576.600 GC heap after
Heap after GC invocations=28 (full 4):
 PSYoungGen      total 356352K, used 12376K [0x00000000e0000000, 0x00000000f8380000, 0x0000000100000000)
  eden space 332288K, 0% used [0x00000000e0000000,0x00000000e0000000,0x00000000f4480000)
  from space 24064K, 51% used [0x00000000f6c00000,0x00000000f7816000,0x00000000f8380000)
  to   space 32256K, 0% used [0x00000000f4480000,0x00000000f4480000,0x00000000f6400000)
 ParOldGen       total 202752K, used 59401K [0x00000000a0000000, 0x00000000ac600000, 0x00000000e0000000)
  object space 202752K, 29% used [0x00000000a0000000,0x00000000a3a025e8,0x00000000ac600000)
 Metaspace       used 99068K, capacity 103711K, committed 103896K, reserved 1140736K
  class space    used 12602K, capacity 13464K, committed 13568K, reserved 1048576K
}
Event: 2584.967 GC heap before
{Heap before GC invocations=29 (full 4):
 PSYoungGen      total 356352K, used 344661K [0x00000000e0000000, 0x00000000f8380000, 0x0000000100000000)
  eden space 332288K, 99% used [0x00000000e0000000,0x00000000f447f518,0x00000000f4480000)
  from space 24064K, 51% used [0x00000000f6c00000,0x00000000f7816000,0x00000000f8380000)
  to   space 32256K, 0% used [0x00000000f4480000,0x00000000f4480000,0x00000000f6400000)
 ParOldGen       total 202752K, used 59409K [0x00000000a0000000, 0x00000000ac600000, 0x00000000e0000000)
  object space 202752K, 29% used [0x00000000a0000000,0x00000000a3a045f8,0x00000000ac600000)
 Metaspace       used 99447K, capacity 104079K, committed 104408K, reserved 1140736K
  class space    used 12618K, capacity 13480K, committed 13568K, reserved 1048576K
Event: 2584.997 GC heap after
Heap after GC invocations=29 (full 4):
 PSYoungGen      total 364544K, used 7873K [0x00000000e0000000, 0x00000000fb900000, 0x0000000100000000)
  eden space 332288K, 0% used [0x00000000e0000000,0x00000000e0000000,0x00000000f4480000)
  from space 32256K, 24% used [0x00000000f4480000,0x00000000f4c30500,0x00000000f6400000)
  to   space 31232K, 0% used [0x00000000f9a80000,0x00000000f9a80000,0x00000000fb900000)
 ParOldGen       total 202752K, used 60177K [0x00000000a0000000, 0x00000000ac600000, 0x00000000e0000000)
  object space 202752K, 29% used [0x00000000a0000000,0x00000000a3ac4628,0x00000000ac600000)
 Metaspace       used 99447K, capacity 104079K, committed 104408K, reserved 1140736K
  class space    used 12618K, capacity 13480K, committed 13568K, reserved 1048576K
}
Event: 3342.019 GC heap before
{Heap before GC invocations=30 (full 4):
 PSYoungGen      total 364544K, used 340161K [0x00000000e0000000, 0x00000000fb900000, 0x0000000100000000)
  eden space 332288K, 100% used [0x00000000e0000000,0x00000000f4480000,0x00000000f4480000)
  from space 32256K, 24% used [0x00000000f4480000,0x00000000f4c30500,0x00000000f6400000)
  to   space 31232K, 0% used [0x00000000f9a80000,0x00000000f9a80000,0x00000000fb900000)
 ParOldGen       total 202752K, used 60228K [0x00000000a0000000, 0x00000000ac600000, 0x00000000e0000000)
  object space 202752K, 29% used [0x00000000a0000000,0x00000000a3ad10a8,0x00000000ac600000)
 Metaspace       used 100306K, capacity 105237K, committed 105560K, reserved 1140736K
  class space    used 12689K, capacity 13595K, committed 13696K, reserved 1048576K
Event: 3342.038 GC heap after
Heap after GC invocations=30 (full 4):
 PSYoungGen      total 404992K, used 6288K [0x00000000e0000000, 0x00000000fb100000, 0x0000000100000000)
  eden space 381952K, 0% used [0x00000000e0000000,0x00000000e0000000,0x00000000f7500000)
  from space 23040K, 27% used [0x00000000f9a80000,0x00000000fa0a4040,0x00000000fb100000)
  to   space 30720K, 0% used [0x00000000f7500000,0x00000000f7500000,0x00000000f9300000)
 ParOldGen       total 202752K, used 62287K [0x00000000a0000000, 0x00000000ac600000, 0x00000000e0000000)
  object space 202752K, 30% used [0x00000000a0000000,0x00000000a3cd3d28,0x00000000ac600000)
 Metaspace       used 100306K, capacity 105237K, committed 105560K, reserved 1140736K
  class space    used 12689K, capacity 13595K, committed 13696K, reserved 1048576K
}

